<?xml version="1.0" encoding="UTF-8"?>
<testsuite xmlns:xsi="http://www.w3.org/2001/XMLSchema-instance" xsi:schemaLocation="https://maven.apache.org/surefire/maven-surefire-plugin/xsd/surefire-test-report.xsd" name="TestSuite" time="12.05" tests="2" errors="0" skipped="0" failures="0">
  <properties>
[...]
</properties>
  <testcase name="testScenario1" classname="com.glukoo.testscript.SampleTestScript" time="11.642"/>
  <testcase name="testScenario2" classname="com.glukoo.testscript.SampleTestScript" time="0"/>
</testsuite>