<?xml version="1.0" encoding="UTF-8"?>
<testng-results skipped="0" failed="0" total="2" passed="2">
  <reporter-output>
    <line>
      <![CDATA[FAIL : expected [Sudden Sauce] but found [Sudden Death Sauce]: ACTUAL : Sudden Death Sauce 	EXPECTED :Sudden Sauce]]>
    </line>
  </reporter-output>
  <suite name="CompanySetup" duration-ms="0" started-at="2016-05-10T11:15:06Z" finished-at="2016-05-10T11:15:06Z">
    <groups>
    </groups>
  </suite> <!-- CompanySetup -->
  <suite name="smoke" duration-ms="7728" started-at="2016-05-10T11:14:58Z" finished-at="2016-05-10T11:15:06Z">
    <groups>
    </groups>
    <test name="testScenario1" duration-ms="7728" started-at="2016-05-10T11:14:58Z" finished-at="2016-05-10T11:15:06Z">
      <class name="com.glukoo.testscript.SampleTestScript">
        <test-method status="PASS" signature="preSetup()[pri:0, instance:com.glukoo.testscript.SampleTestScript@c87b565]" name="preSetup" is-config="true" duration-ms="16" started-at="2016-05-10T16:44:58Z" finished-at="2016-05-10T16:44:58Z">
          <reporter-output>
          </reporter-output>
        </test-method> <!-- preSetup -->
        <test-method status="PASS" signature="testScenario1()[pri:0, instance:com.glukoo.testscript.SampleTestScript@c87b565]" name="testScenario1" duration-ms="7712" started-at="2016-05-10T16:44:58Z" finished-at="2016-05-10T16:45:06Z">
          <reporter-output>
            <line>
              <![CDATA[FAIL : expected [Sudden Sauce] but found [Sudden Death Sauce]: ACTUAL : Sudden Death Sauce 	EXPECTED :Sudden Sauce]]>
            </line>
          </reporter-output>
        </test-method> <!-- testScenario1 -->
        <test-method status="PASS" signature="testScenario2()[pri:0, instance:com.glukoo.testscript.SampleTestScript@c87b565]" name="testScenario2" duration-ms="0" started-at="2016-05-10T16:45:06Z" finished-at="2016-05-10T16:45:06Z">
          <reporter-output>
          </reporter-output>
        </test-method> <!-- testScenario2 -->
        <test-method status="PASS" signature="teardown()[pri:0, instance:com.glukoo.testscript.SampleTestScript@c87b565]" name="teardown" is-config="true" duration-ms="0" started-at="2016-05-10T16:45:06Z" finished-at="2016-05-10T16:45:06Z">
          <reporter-output>
          </reporter-output>
        </test-method> <!-- teardown -->
      </class> <!-- com.glukoo.testscript.SampleTestScript -->
    </test> <!-- testScenario1 -->
  </suite> <!-- smoke -->
</testng-results>
